src/app/(admin)/admin/customers/components/ClientDetailPanel.tsx(187,49): error TS2358: The left-hand side of an 'instanceof' expression must be of type 'any', an object type or a type parameter.
src/app/(admin)/admin/locations/page.tsx(68,25): error TS2322: Type '"success"' is not assignable to type '"primary" | "secondary" | "tertiary" | "link-gray" | "link-color" | "primary-destructive" | "secondary-destructive" | "tertiary-destructive" | "link-destructive" | undefined'.
src/app/(admin)/admin/locations/page.tsx(77,189): error TS2339: Property 'target' does not exist on type 'string'.
src/app/(admin)/admin/locations/page.tsx(77,206): error TS2322: Type '{ value: string; onChange: (e: string) => void; required: true; }' is not assignable to type 'IntrinsicAttributes & InputProps'.
  Property 'required' does not exist on type 'IntrinsicAttributes & InputProps'. Did you mean 'isRequired'?
src/app/(admin)/admin/locations/page.tsx(78,191): error TS2339: Property 'target' does not exist on type 'string'.
src/app/(admin)/admin/locations/page.tsx(78,208): error TS2322: Type '{ value: string; onChange: (e: string) => void; required: true; }' is not assignable to type 'IntrinsicAttributes & InputProps'.
  Property 'required' does not exist on type 'IntrinsicAttributes & InputProps'. Did you mean 'isRequired'?
src/app/(admin)/admin/locations/page.tsx(79,199): error TS2339: Property 'target' does not exist on type 'string'.
src/app/(admin)/admin/locations/page.tsx(79,216): error TS2322: Type '{ value: string; onChange: (e: string) => void; required: true; }' is not assignable to type 'IntrinsicAttributes & InputProps'.
  Property 'required' does not exist on type 'IntrinsicAttributes & InputProps'. Did you mean 'isRequired'?
src/app/(admin)/admin/locations/page.tsx(82,37): error TS2322: Type '"success"' is not assignable to type '"primary" | "secondary" | "tertiary" | "link-gray" | "link-color" | "primary-destructive" | "secondary-destructive" | "tertiary-destructive" | "link-destructive" | undefined'.
src/app/(admin)/admin/locations/page.tsx(101,37): error TS2322: Type '"success"' is not assignable to type '"primary" | "secondary" | "tertiary" | "link-gray" | "link-color" | "primary-destructive" | "secondary-destructive" | "tertiary-destructive" | "link-destructive" | undefined'.
